# JRE version: OpenJDK Runtime Environment (11.0.10) (build 11.0.10+0-b96-7249189)
# Java VM: OpenJDK 64-Bit Server VM (11.0.10+0-b96-7249189, mixed mode, tiered, compressed oops, g1 gc, windows-amd64)
Heap:
 garbage-first heap   total 475136K, used 271944K [0x0000000080000000, 0x0000000100000000)
  region size 1024K, 7 young (7168K), 2 survivors (2048K)
 Metaspace       used 103493K, capacity 106216K, committed 106444K, reserved 1140736K
  class space    used 13519K, capacity 14527K, committed 14540K, reserved 1048576K
GC Heap History (20 events):
Event: 9.238 GC heap before
{Heap before GC invocations=24 (full 0):
 garbage-first heap   total 323584K, used 252096K [0x0000000080000000, 0x0000000100000000)
  region size 1024K, 48 young (49152K), 5 survivors (5120K)
 Metaspace       used 96940K, capacity 99391K, committed 99660K, reserved 1134592K
  class space    used 12712K, capacity 13617K, committed 13644K, reserved 1048576K
}
Event: 9.249 GC heap after
{Heap after GC invocations=25 (full 0):
 garbage-first heap   total 323584K, used 211730K [0x0000000080000000, 0x0000000100000000)
  region size 1024K, 6 young (6144K), 6 survivors (6144K)
 Metaspace       used 96940K, capacity 99391K, committed 99660K, reserved 1134592K
  class space    used 12712K, capacity 13617K, committed 13644K, reserved 1048576K
}
Event: 9.330 GC heap before
{Heap before GC invocations=25 (full 0):
 garbage-first heap   total 323584K, used 219922K [0x0000000080000000, 0x0000000100000000)
  region size 1024K, 15 young (15360K), 6 survivors (6144K)
 Metaspace       used 97421K, capacity 99891K, committed 100044K, reserved 1136640K
  class space    used 12768K, capacity 13697K, committed 13772K, reserved 1048576K
}
Event: 9.339 GC heap after
{Heap after GC invocations=26 (full 0):
 garbage-first heap   total 323584K, used 208947K [0x0000000080000000, 0x0000000100000000)
  region size 1024K, 2 young (2048K), 2 survivors (2048K)
 Metaspace       used 97421K, capacity 99891K, committed 100044K, reserved 1136640K
  class space    used 12768K, capacity 13697K, committed 13772K, reserved 1048576K
}
Event: 9.408 GC heap before
{Heap before GC invocations=26 (full 0):
 garbage-first heap   total 323584K, used 219187K [0x0000000080000000, 0x0000000100000000)
  region size 1024K, 13 young (13312K), 2 survivors (2048K)
 Metaspace       used 97678K, capacity 100085K, committed 100300K, reserved 1136640K
  class space    used 12790K, capacity 13697K, committed 13772K, reserved 1048576K
}
Event: 9.413 GC heap after
{Heap after GC invocations=27 (full 0):
 garbage-first heap   total 389120K, used 210963K [0x0000000080000000, 0x0000000100000000)
  region size 1024K, 4 young (4096K), 4 survivors (4096K)
 Metaspace       used 97678K, capacity 100085K, committed 100300K, reserved 1136640K
  class space    used 12790K, capacity 13697K, committed 13772K, reserved 1048576K
}
Event: 9.682 GC heap before
{Heap before GC invocations=28 (full 0):
 garbage-first heap   total 389120K, used 273427K [0x0000000080000000, 0x0000000100000000)
  region size 1024K, 61 young (62464K), 4 survivors (4096K)
 Metaspace       used 98083K, capacity 100518K, committed 100812K, reserved 1136640K
  class space    used 12828K, capacity 13733K, committed 13772K, reserved 1048576K
}
Event: 9.686 GC heap after
{Heap after GC invocations=29 (full 0):
 garbage-first heap   total 389120K, used 218608K [0x0000000080000000, 0x0000000100000000)
  region size 1024K, 6 young (6144K), 6 survivors (6144K)
 Metaspace       used 98083K, capacity 100518K, committed 100812K, reserved 1136640K
  class space    used 12828K, capacity 13733K, committed 13772K, reserved 1048576K
}
Event: 9.985 GC heap before
{Heap before GC invocations=30 (full 0):
 garbage-first heap   total 389120K, used 290288K [0x0000000080000000, 0x0000000100000000)
  region size 1024K, 73 young (74752K), 6 survivors (6144K)
 Metaspace       used 99819K, capacity 102278K, committed 102604K, reserved 1138688K
  class space    used 13040K, capacity 13956K, committed 14028K, reserved 1048576K
}
Event: 9.993 GC heap after
{Heap after GC invocations=31 (full 0):
 garbage-first heap   total 389120K, used 228190K [0x0000000080000000, 0x0000000100000000)
  region size 1024K, 10 young (10240K), 10 survivors (10240K)
 Metaspace       used 99819K, capacity 102278K, committed 102604K, reserved 1138688K
  class space    used 13040K, capacity 13956K, committed 14028K, reserved 1048576K
}
Event: 10.004 GC heap before
{Heap before GC invocations=31 (full 0):
 garbage-first heap   total 389120K, used 231262K [0x0000000080000000, 0x0000000100000000)
  region size 1024K, 14 young (14336K), 10 survivors (10240K)
 Metaspace       used 99872K, capacity 102342K, committed 102604K, reserved 1138688K
  class space    used 13042K, capacity 13956K, committed 14028K, reserved 1048576K
}
Event: 10.012 GC heap after
{Heap after GC invocations=32 (full 0):
 garbage-first heap   total 389120K, used 229924K [0x0000000080000000, 0x0000000100000000)
  region size 1024K, 2 young (2048K), 2 survivors (2048K)
 Metaspace       used 99872K, capacity 102342K, committed 102604K, reserved 1138688K
  class space    used 13042K, capacity 13956K, committed 14028K, reserved 1048576K
}
Event: 10.221 GC heap before
{Heap before GC invocations=32 (full 0):
 garbage-first heap   total 389120K, used 290340K [0x0000000080000000, 0x0000000100000000)
  region size 1024K, 52 young (53248K), 2 survivors (2048K)
 Metaspace       used 100713K, capacity 103171K, committed 103500K, reserved 1138688K
  class space    used 13142K, capacity 14059K, committed 14156K, reserved 1048576K
}
Event: 10.230 GC heap after
{Heap after GC invocations=33 (full 0):
 garbage-first heap   total 389120K, used 245895K [0x0000000080000000, 0x0000000100000000)
  region size 1024K, 7 young (7168K), 7 survivors (7168K)
 Metaspace       used 100713K, capacity 103171K, committed 103500K, reserved 1138688K
  class space    used 13142K, capacity 14059K, committed 14156K, reserved 1048576K
}
Event: 10.304 GC heap before
{Heap before GC invocations=34 (full 0):
 garbage-first heap   total 389120K, used 298119K [0x0000000080000000, 0x0000000100000000)
  region size 1024K, 55 young (56320K), 7 survivors (7168K)
 Metaspace       used 101083K, capacity 103579K, committed 103756K, reserved 1138688K
  class space    used 13189K, capacity 14105K, committed 14156K, reserved 1048576K
}
Event: 10.315 GC heap after
{Heap after GC invocations=35 (full 0):
 garbage-first heap   total 389120K, used 256918K [0x0000000080000000, 0x0000000100000000)
  region size 1024K, 7 young (7168K), 7 survivors (7168K)
 Metaspace       used 101083K, capacity 103579K, committed 103756K, reserved 1138688K
  class space    used 13189K, capacity 14105K, committed 14156K, reserved 1048576K
}
Event: 10.370 GC heap before
{Heap before GC invocations=35 (full 0):
 garbage-first heap   total 389120K, used 279446K [0x0000000080000000, 0x0000000100000000)
  region size 1024K, 19 young (19456K), 7 survivors (7168K)
 Metaspace       used 101304K, capacity 103852K, committed 104140K, reserved 1138688K
  class space    used 13222K, capacity 14175K, committed 14284K, reserved 1048576K
}
Event: 10.381 GC heap after
{Heap after GC invocations=36 (full 0):
 garbage-first heap   total 475136K, used 268085K [0x0000000080000000, 0x0000000100000000)
  region size 1024K, 2 young (2048K), 2 survivors (2048K)
 Metaspace       used 101304K, capacity 103852K, committed 104140K, reserved 1138688K
  class space    used 13222K, capacity 14175K, committed 14284K, reserved 1048576K
}
Event: 10.690 GC heap before
{Heap before GC invocations=36 (full 0):
 garbage-first heap   total 475136K, used 339765K [0x0000000080000000, 0x0000000100000000)
  region size 1024K, 72 young (73728K), 2 survivors (2048K)
 Metaspace       used 103462K, capacity 106195K, committed 106444K, reserved 1140736K
  class space    used 13516K, capacity 14522K, committed 14540K, reserved 1048576K
}
Event: 10.695 GC heap after
{Heap after GC invocations=37 (full 0):
 garbage-first heap   total 475136K, used 267848K [0x0000000080000000, 0x0000000100000000)
  region size 1024K, 2 young (2048K), 2 survivors (2048K)
 Metaspace       used 103462K, capacity 106195K, committed 106444K, reserved 1140736K
  class space    used 13516K, capacity 14522K, committed 14540K, reserved 1048576K
}

