# JRE version: OpenJDK Runtime Environment (11.0.10) (build 11.0.10+0-b96-7249189)
# Java VM: OpenJDK 64-Bit Server VM (11.0.10+0-b96-7249189, mixed mode, tiered, compressed oops, g1 gc, windows-amd64)
Heap:
 garbage-first heap   total 811008K, used 240549K [0x0000000080000000, 0x0000000100000000)
  region size 1024K, 15 young (15360K), 15 survivors (15360K)
 Metaspace       used 131495K, capacity 135119K, committed 135756K, reserved 1167360K
  class space    used 16420K, capacity 17756K, committed 17996K, reserved 1048576K
GC Heap History (20 events):
Event: 328.557 GC heap after
{Heap after GC invocations=44 (full 0):
 garbage-first heap   total 269312K, used 223591K [0x0000000080000000, 0x0000000100000000)
  region size 1024K, 2 young (2048K), 2 survivors (2048K)
 Metaspace       used 131083K, capacity 134646K, committed 135244K, reserved 1167360K
  class space    used 16402K, capacity 17741K, committed 17996K, reserved 1048576K
}
Event: 328.614 GC heap before
{Heap before GC invocations=44 (full 0):
 garbage-first heap   total 269312K, used 234855K [0x0000000080000000, 0x0000000100000000)
  region size 1024K, 13 young (13312K), 2 survivors (2048K)
 Metaspace       used 131165K, capacity 134787K, committed 135500K, reserved 1167360K
  class space    used 16406K, capacity 17744K, committed 17996K, reserved 1048576K
}
Event: 328.623 GC heap after
{Heap after GC invocations=45 (full 0):
 garbage-first heap   total 269312K, used 225541K [0x0000000080000000, 0x0000000100000000)
  region size 1024K, 2 young (2048K), 2 survivors (2048K)
 Metaspace       used 131165K, capacity 134787K, committed 135500K, reserved 1167360K
  class space    used 16406K, capacity 17744K, committed 17996K, reserved 1048576K
}
Event: 328.655 GC heap before
{Heap before GC invocations=45 (full 0):
 garbage-first heap   total 269312K, used 236805K [0x0000000080000000, 0x0000000100000000)
  region size 1024K, 13 young (13312K), 2 survivors (2048K)
 Metaspace       used 131176K, capacity 134791K, committed 135500K, reserved 1167360K
  class space    used 16406K, capacity 17744K, committed 17996K, reserved 1048576K
}
Event: 328.669 GC heap after
{Heap after GC invocations=46 (full 0):
 garbage-first heap   total 269312K, used 228754K [0x0000000080000000, 0x0000000100000000)
  region size 1024K, 2 young (2048K), 2 survivors (2048K)
 Metaspace       used 131176K, capacity 134791K, committed 135500K, reserved 1167360K
  class space    used 16406K, capacity 17744K, committed 17996K, reserved 1048576K
}
Event: 328.788 GC heap before
{Heap before GC invocations=46 (full 0):
 garbage-first heap   total 269312K, used 238994K [0x0000000080000000, 0x0000000100000000)
  region size 1024K, 13 young (13312K), 2 survivors (2048K)
 Metaspace       used 131243K, capacity 134898K, committed 135500K, reserved 1167360K
  class space    used 16412K, capacity 17754K, committed 17996K, reserved 1048576K
}
Event: 328.795 GC heap after
{Heap after GC invocations=47 (full 0):
 garbage-first heap   total 269312K, used 230438K [0x0000000080000000, 0x0000000100000000)
  region size 1024K, 2 young (2048K), 2 survivors (2048K)
 Metaspace       used 131243K, capacity 134898K, committed 135500K, reserved 1167360K
  class space    used 16412K, capacity 17754K, committed 17996K, reserved 1048576K
}
Event: 328.866 GC heap before
{Heap before GC invocations=47 (full 0):
 garbage-first heap   total 269312K, used 230438K [0x0000000080000000, 0x0000000100000000)
  region size 1024K, 13 young (13312K), 2 survivors (2048K)
 Metaspace       used 131248K, capacity 134900K, committed 135500K, reserved 1167360K
  class space    used 16412K, capacity 17754K, committed 17996K, reserved 1048576K
}
Event: 328.873 GC heap after
{Heap after GC invocations=48 (full 0):
 garbage-first heap   total 269312K, used 220506K [0x0000000080000000, 0x0000000100000000)
  region size 1024K, 2 young (2048K), 2 survivors (2048K)
 Metaspace       used 131248K, capacity 134900K, committed 135500K, reserved 1167360K
  class space    used 16412K, capacity 17754K, committed 17996K, reserved 1048576K
}
Event: 328.933 GC heap before
{Heap before GC invocations=49 (full 0):
 garbage-first heap   total 269312K, used 230746K [0x0000000080000000, 0x0000000100000000)
  region size 1024K, 13 young (13312K), 2 survivors (2048K)
 Metaspace       used 131254K, capacity 134902K, committed 135500K, reserved 1167360K
  class space    used 16412K, capacity 17754K, committed 17996K, reserved 1048576K
}
Event: 328.939 GC heap after
{Heap after GC invocations=50 (full 0):
 garbage-first heap   total 269312K, used 222549K [0x0000000080000000, 0x0000000100000000)
  region size 1024K, 2 young (2048K), 2 survivors (2048K)
 Metaspace       used 131254K, capacity 134902K, committed 135500K, reserved 1167360K
  class space    used 16412K, capacity 17754K, committed 17996K, reserved 1048576K
}
Event: 329.022 GC heap before
{Heap before GC invocations=50 (full 0):
 garbage-first heap   total 269312K, used 233813K [0x0000000080000000, 0x0000000100000000)
  region size 1024K, 13 young (13312K), 2 survivors (2048K)
 Metaspace       used 131254K, capacity 134902K, committed 135500K, reserved 1167360K
  class space    used 16412K, capacity 17754K, committed 17996K, reserved 1048576K
}
Event: 329.043 GC heap after
{Heap after GC invocations=51 (full 0):
 garbage-first heap   total 489472K, used 209831K [0x0000000080000000, 0x0000000100000000)
  region size 1024K, 2 young (2048K), 2 survivors (2048K)
 Metaspace       used 131254K, capacity 134902K, committed 135500K, reserved 1167360K
  class space    used 16412K, capacity 17754K, committed 17996K, reserved 1048576K
}
Event: 329.147 GC heap before
{Heap before GC invocations=51 (full 0):
 garbage-first heap   total 489472K, used 234407K [0x0000000080000000, 0x0000000100000000)
  region size 1024K, 27 young (27648K), 2 survivors (2048K)
 Metaspace       used 131300K, capacity 134906K, committed 135500K, reserved 1167360K
  class space    used 16412K, capacity 17754K, committed 17996K, reserved 1048576K
}
Event: 329.154 GC heap after
{Heap after GC invocations=52 (full 0):
 garbage-first heap   total 489472K, used 211980K [0x0000000080000000, 0x0000000100000000)
  region size 1024K, 4 young (4096K), 4 survivors (4096K)
 Metaspace       used 131300K, capacity 134906K, committed 135500K, reserved 1167360K
  class space    used 16412K, capacity 17754K, committed 17996K, reserved 1048576K
}
Event: 329.432 GC heap before
{Heap before GC invocations=53 (full 0):
 garbage-first heap   total 489472K, used 245772K [0x0000000080000000, 0x0000000100000000)
  region size 1024K, 32 young (32768K), 4 survivors (4096K)
 Metaspace       used 131318K, capacity 134975K, committed 135500K, reserved 1167360K
  class space    used 16412K, capacity 17753K, committed 17996K, reserved 1048576K
}
Event: 329.449 GC heap after
{Heap after GC invocations=54 (full 0):
 garbage-first heap   total 489472K, used 220424K [0x0000000080000000, 0x0000000100000000)
  region size 1024K, 6 young (6144K), 6 survivors (6144K)
 Metaspace       used 131318K, capacity 134975K, committed 135500K, reserved 1167360K
  class space    used 16412K, capacity 17753K, committed 17996K, reserved 1048576K
}
Event: 329.950 GC heap before
{Heap before GC invocations=55 (full 0):
 garbage-first heap   total 489472K, used 261384K [0x0000000080000000, 0x0000000100000000)
  region size 1024K, 45 young (46080K), 6 survivors (6144K)
 Metaspace       used 131324K, capacity 134975K, committed 135500K, reserved 1167360K
  class space    used 16412K, capacity 17753K, committed 17996K, reserved 1048576K
}
Event: 329.966 GC heap after
{Heap after GC invocations=56 (full 0):
 garbage-first heap   total 489472K, used 225793K [0x0000000080000000, 0x0000000100000000)
  region size 1024K, 8 young (8192K), 8 survivors (8192K)
 Metaspace       used 131324K, capacity 134975K, committed 135500K, reserved 1167360K
  class space    used 16412K, capacity 17753K, committed 17996K, reserved 1048576K
}
Event: 330.303 GC heap before
{Heap before GC invocations=57 (full 0):
 garbage-first heap   total 489472K, used 315905K [0x0000000080000000, 0x0000000100000000)
  region size 1024K, 90 young (92160K), 8 survivors (8192K)
 Metaspace       used 131495K, capacity 135119K, committed 135756K, reserved 1167360K
  class space    used 16420K, capacity 17756K, committed 17996K, reserved 1048576K
}

